#! /usr/bin/vvp
:ivl_version "10.1 (stable)";
:ivl_delay_selection "TYPICAL";
:vpi_time_precision + 0;
:vpi_module "system";
:vpi_module "vhdl_sys";
:vpi_module "v2005_math";
:vpi_module "va_math";
S_0x55a259758b00 .scope module, "fulladder_tb" "fulladder_tb" 2 3;
 .timescale 0 0;
v0x55a259779930_0 .var "carryin", 0 0;
v0x55a2597799f0_0 .net "carryout", 0 0, L_0x55a259779d30;  1 drivers
v0x55a259779ac0_0 .var "input1", 0 0;
v0x55a259779bc0_0 .var "input2", 0 0;
v0x55a259779c90_0 .net "out", 0 0, L_0x55a259779e20;  1 drivers
S_0x55a259758c80 .scope module, "dut" "fulladder" 2 13, 3 1 0, S_0x55a259758b00;
 .timescale 0 0;
    .port_info 0 /INPUT 1 "x"
    .port_info 1 /INPUT 1 "y"
    .port_info 2 /INPUT 1 "cin"
    .port_info 3 /OUTPUT 1 "A"
    .port_info 4 /OUTPUT 1 "cout"
v0x55a259758e50_0 .net "A", 0 0, L_0x55a259779e20;  alias, 1 drivers
L_0x7f5d7e858060 .functor BUFT 1, C4<0>, C4<0>, C4<0>, C4<0>;
v0x55a259778e30_0 .net *"_s10", 0 0, L_0x7f5d7e858060;  1 drivers
v0x55a259778f10_0 .net *"_s11", 1 0, L_0x55a25977a210;  1 drivers
v0x55a259779000_0 .net *"_s13", 1 0, L_0x55a25977a350;  1 drivers
L_0x7f5d7e8580a8 .functor BUFT 1, C4<0>, C4<0>, C4<0>, C4<0>;
v0x55a2597790e0_0 .net *"_s16", 0 0, L_0x7f5d7e8580a8;  1 drivers
v0x55a259779210_0 .net *"_s17", 1 0, L_0x55a25977a4d0;  1 drivers
v0x55a2597792f0_0 .net *"_s3", 1 0, L_0x55a259779f60;  1 drivers
L_0x7f5d7e858018 .functor BUFT 1, C4<0>, C4<0>, C4<0>, C4<0>;
v0x55a2597793d0_0 .net *"_s6", 0 0, L_0x7f5d7e858018;  1 drivers
v0x55a2597794b0_0 .net *"_s7", 1 0, L_0x55a25977a0a0;  1 drivers
v0x55a259779590_0 .net "cin", 0 0, v0x55a259779930_0;  1 drivers
v0x55a259779650_0 .net "cout", 0 0, L_0x55a259779d30;  alias, 1 drivers
v0x55a259779710_0 .net "x", 0 0, v0x55a259779ac0_0;  1 drivers
v0x55a2597797d0_0 .net "y", 0 0, v0x55a259779bc0_0;  1 drivers
L_0x55a259779d30 .part L_0x55a25977a4d0, 1, 1;
L_0x55a259779e20 .part L_0x55a25977a4d0, 0, 1;
L_0x55a259779f60 .concat [ 1 1 0 0], v0x55a259779930_0, L_0x7f5d7e858018;
L_0x55a25977a0a0 .concat [ 1 1 0 0], v0x55a259779bc0_0, L_0x7f5d7e858060;
L_0x55a25977a210 .arith/sum 2, L_0x55a259779f60, L_0x55a25977a0a0;
L_0x55a25977a350 .concat [ 1 1 0 0], v0x55a259779ac0_0, L_0x7f5d7e8580a8;
L_0x55a25977a4d0 .arith/sum 2, L_0x55a25977a210, L_0x55a25977a350;
    .scope S_0x55a259758b00;
T_0 ;
    %vpi_call 2 22 "$monitor", "time = %2d, CIN =%1b, IN1=%1b, IN2=%1b, COUT=%1b, OUT=%1b", $time, v0x55a259779930_0, v0x55a259779bc0_0, v0x55a259779ac0_0, v0x55a2597799f0_0, v0x55a259779c90_0 {0 0 0};
    %pushi/vec4 0, 0, 1;
    %store/vec4 v0x55a259779ac0_0, 0, 1;
    %pushi/vec4 0, 0, 1;
    %store/vec4 v0x55a259779bc0_0, 0, 1;
    %pushi/vec4 0, 0, 1;
    %store/vec4 v0x55a259779930_0, 0, 1;
    %delay 20, 0;
    %pushi/vec4 1, 0, 1;
    %store/vec4 v0x55a259779ac0_0, 0, 1;
    %delay 20, 0;
    %pushi/vec4 1, 0, 1;
    %store/vec4 v0x55a259779bc0_0, 0, 1;
    %delay 20, 0;
    %pushi/vec4 0, 0, 1;
    %store/vec4 v0x55a259779ac0_0, 0, 1;
    %delay 20, 0;
    %pushi/vec4 1, 0, 1;
    %store/vec4 v0x55a259779930_0, 0, 1;
    %delay 20, 0;
    %pushi/vec4 0, 0, 1;
    %store/vec4 v0x55a259779bc0_0, 0, 1;
    %delay 20, 0;
    %pushi/vec4 1, 0, 1;
    %store/vec4 v0x55a259779ac0_0, 0, 1;
    %delay 20, 0;
    %pushi/vec4 1, 0, 1;
    %store/vec4 v0x55a259779bc0_0, 0, 1;
    %delay 40, 0;
    %vpi_call 2 34 "$finish" {0 0 0};
    %end;
    .thread T_0;
# The file index is used to find the file name in the following table.
:file_names 4;
    "N/A";
    "<interactive>";
    "fulladder_tb.v";
    "./fulladder.v";
