#! /usr/bin/vvp
:ivl_version "10.1 (stable)";
:ivl_delay_selection "TYPICAL";
:vpi_time_precision + 0;
:vpi_module "system";
:vpi_module "vhdl_sys";
:vpi_module "v2005_math";
:vpi_module "va_math";
S_0x55eb6a57f640 .scope module, "psdsqrt_tb" "psdsqrt_tb" 2 19;
 .timescale 0 0;
P_0x55eb6a57f7c0 .param/l "CLOCK_PERIOD" 0 2 22, +C4<00000000000000000000000000001010>;
P_0x55eb6a57f800 .param/l "MAX_SIM_TIME" 0 2 23, +C4<00000101111101011110000100000000>;
P_0x55eb6a57f840 .param/l "PRINT_EN" 0 2 32, +C4<00000000000000000000000000000001>;
v0x55eb6a5a08b0_0 .var "clock", 0 0;
v0x55eb6a5a0970_0 .var "i", 31 0;
v0x55eb6a5a0a30_0 .var "iteration", 15 0;
v0x55eb6a5a0b20_0 .var "reset", 0 0;
v0x55eb6a5a0bf0_0 .net "sqrt", 15 0, v0x55eb6a59f950_0;  1 drivers
v0x55eb6a5a0ce0_0 .var "sqrt_value", 15 0;
v0x55eb6a5a0da0_0 .var "start", 0 0;
v0x55eb6a5a0e70_0 .var "stop", 0 0;
v0x55eb6a5a0f40_0 .var "tempsqrt", 15 0;
v0x55eb6a5a0fe0_0 .var "testbit", 15 0;
v0x55eb6a5a10c0_0 .var "testsqrt", 15 0;
v0x55eb6a5a11a0_0 .var "x", 31 0;
S_0x55eb6a57f890 .scope task, "execsqrt" "execsqrt" 2 133, 2 133 0, S_0x55eb6a57f640;
 .timescale 0 0;
v0x55eb6a57a740_0 .var "xin", 31 0;
E_0x55eb6a55cb70 .event negedge, v0x55eb6a59f710_0;
E_0x55eb6a55d3e0 .event posedge, v0x55eb6a59f710_0;
TD_psdsqrt_tb.execsqrt ;
    %load/vec4 v0x55eb6a57a740_0;
    %store/vec4 v0x55eb6a5a11a0_0, 0, 32;
    %wait E_0x55eb6a55cb70;
    %pushi/vec4 1, 0, 1;
    %store/vec4 v0x55eb6a5a0da0_0, 0, 1;
    %wait E_0x55eb6a55cb70;
    %pushi/vec4 0, 0, 1;
    %store/vec4 v0x55eb6a5a0da0_0, 0, 1;
    %pushi/vec4 16, 0, 32;
T_0.0 %dup/vec4;
    %pushi/vec4 0, 0, 32;
    %cmp/s;
    %jmp/1xz T_0.1, 5;
    %jmp/1 T_0.1, 4;
    %pushi/vec4 1, 0, 32;
    %sub;
    %wait E_0x55eb6a55d3e0;
    %jmp T_0.0;
T_0.1 ;
    %pop/vec4 1;
    %wait E_0x55eb6a55cb70;
    %pushi/vec4 1, 0, 1;
    %store/vec4 v0x55eb6a5a0e70_0, 0, 1;
    %wait E_0x55eb6a55cb70;
    %pushi/vec4 0, 0, 1;
    %store/vec4 v0x55eb6a5a0e70_0, 0, 1;
    %wait E_0x55eb6a55cb70;
    %load/vec4 v0x55eb6a57a740_0;
    %store/vec4 v0x55eb6a5a07d0_0, 0, 32;
    %fork TD_psdsqrt_tb.verifysqrt, S_0x55eb6a5a0570;
    %join;
    %load/vec4 v0x55eb6a5a06f0_0;
    %store/vec4 v0x55eb6a5a0ce0_0, 0, 16;
    %vpi_call 2 153 "$display", "SQRT(%d) = %d (expected value = %d)", v0x55eb6a5a11a0_0, v0x55eb6a5a0bf0_0, v0x55eb6a5a0ce0_0 {0 0 0};
    %end;
S_0x55eb6a59efd0 .scope module, "psdsqrt_1" "psdsqrt" 2 45, 3 27 0, S_0x55eb6a57f640;
 .timescale 0 0;
    .port_info 0 /INPUT 1 "clock"
    .port_info 1 /INPUT 1 "reset"
    .port_info 2 /INPUT 1 "start"
    .port_info 3 /INPUT 1 "stop"
    .port_info 4 /INPUT 32 "xin"
    .port_info 5 /OUTPUT 16 "sqrt"
L_0x55eb6a563ca0 .functor OR 16, v0x55eb6a59fc90_0, v0x55eb6a59ff30_0, C4<0000000000000000>, C4<0000000000000000>;
v0x55eb6a57bdb0_0 .net *"_s0", 31 0, L_0x55eb6a5a1290;  1 drivers
v0x55eb6a573360_0 .net *"_s10", 0 0, L_0x55eb6a5b1670;  1 drivers
L_0x7fd5bfe230a8 .functor BUFT 1, C4<1>, C4<0>, C4<0>, C4<0>;
v0x55eb6a5736b0_0 .net/2u *"_s12", 0 0, L_0x7fd5bfe230a8;  1 drivers
L_0x7fd5bfe230f0 .functor BUFT 1, C4<0>, C4<0>, C4<0>, C4<0>;
v0x55eb6a573c30_0 .net/2u *"_s14", 0 0, L_0x7fd5bfe230f0;  1 drivers
v0x55eb6a573f60_0 .net *"_s20", 14 0, L_0x55eb6a5b19b0;  1 drivers
L_0x7fd5bfe23138 .functor BUFT 1, C4<0>, C4<0>, C4<0>, C4<0>;
v0x55eb6a59f390_0 .net *"_s22", 0 0, L_0x7fd5bfe23138;  1 drivers
L_0x7fd5bfe23018 .functor BUFT 1, C4<0000000000000000>, C4<0>, C4<0>, C4<0>;
v0x55eb6a59f470_0 .net *"_s3", 15 0, L_0x7fd5bfe23018;  1 drivers
v0x55eb6a59f550_0 .net *"_s4", 31 0, L_0x55eb6a5b13d0;  1 drivers
L_0x7fd5bfe23060 .functor BUFT 1, C4<0000000000000000>, C4<0>, C4<0>, C4<0>;
v0x55eb6a59f630_0 .net *"_s7", 15 0, L_0x7fd5bfe23060;  1 drivers
v0x55eb6a59f710_0 .net "clock", 0 0, v0x55eb6a5a08b0_0;  1 drivers
v0x55eb6a59f7d0_0 .net "comp_xin_sqtestsqrt", 0 0, L_0x55eb6a5b17f0;  1 drivers
v0x55eb6a59f890_0 .net "reset", 0 0, v0x55eb6a5a0b20_0;  1 drivers
v0x55eb6a59f950_0 .var "sqrt", 15 0;
v0x55eb6a59fa30_0 .net "sqtestsqrt", 31 0, L_0x55eb6a5b1530;  1 drivers
v0x55eb6a59fb10_0 .net "start", 0 0, v0x55eb6a5a0da0_0;  1 drivers
v0x55eb6a59fbd0_0 .net "stop", 0 0, v0x55eb6a5a0e70_0;  1 drivers
v0x55eb6a59fc90_0 .var "tempsqrt", 15 0;
v0x55eb6a59fd70_0 .var "tempsqrt_mux1", 15 0;
v0x55eb6a59fe50_0 .var "tempsqrt_mux2", 15 0;
v0x55eb6a59ff30_0 .var "testbit", 15 0;
v0x55eb6a5a0010_0 .var "testbit_mux", 15 0;
v0x55eb6a5a00f0_0 .net "testbit_shift", 15 0, L_0x55eb6a5b1ae0;  1 drivers
v0x55eb6a5a01d0_0 .net "testsqrt", 15 0, L_0x55eb6a563ca0;  1 drivers
v0x55eb6a5a02b0_0 .net "xin", 31 0, v0x55eb6a5a11a0_0;  1 drivers
v0x55eb6a5a0390_0 .var "xin_stored", 31 0;
E_0x55eb6a57ed60 .event edge, v0x55eb6a59fb10_0, v0x55eb6a59fd70_0;
E_0x55eb6a57e7b0 .event edge, v0x55eb6a59f7d0_0, v0x55eb6a5a01d0_0, v0x55eb6a59fc90_0;
E_0x55eb6a57e770 .event edge, v0x55eb6a59fb10_0, v0x55eb6a5a00f0_0;
L_0x55eb6a5a1290 .concat [ 16 16 0 0], L_0x55eb6a563ca0, L_0x7fd5bfe23018;
L_0x55eb6a5b13d0 .concat [ 16 16 0 0], L_0x55eb6a563ca0, L_0x7fd5bfe23060;
L_0x55eb6a5b1530 .arith/mult 32, L_0x55eb6a5a1290, L_0x55eb6a5b13d0;
L_0x55eb6a5b1670 .cmp/ge 32, v0x55eb6a5a0390_0, L_0x55eb6a5b1530;
L_0x55eb6a5b17f0 .functor MUXZ 1, L_0x7fd5bfe230f0, L_0x7fd5bfe230a8, L_0x55eb6a5b1670, C4<>;
L_0x55eb6a5b19b0 .part v0x55eb6a59ff30_0, 1, 15;
L_0x55eb6a5b1ae0 .concat [ 15 1 0 0], L_0x55eb6a5b19b0, L_0x7fd5bfe23138;
S_0x55eb6a5a0570 .scope task, "verifysqrt" "verifysqrt" 2 160, 2 160 0, S_0x55eb6a57f640;
 .timescale 0 0;
v0x55eb6a5a06f0_0 .var "sqrt_output", 15 0;
v0x55eb6a5a07d0_0 .var "xin_sqrt", 31 0;
TD_psdsqrt_tb.verifysqrt ;
    %pushi/vec4 0, 0, 16;
    %store/vec4 v0x55eb6a5a0f40_0, 0, 16;
    %pushi/vec4 32768, 0, 16;
    %store/vec4 v0x55eb6a5a0fe0_0, 0, 16;
    %pushi/vec4 0, 0, 16;
    %store/vec4 v0x55eb6a5a0a30_0, 0, 16;
T_1.2 ;
    %load/vec4 v0x55eb6a5a0a30_0;
    %pad/u 32;
    %cmpi/u 16, 0, 32;
    %jmp/0xz T_1.3, 5;
    %load/vec4 v0x55eb6a5a0fe0_0;
    %load/vec4 v0x55eb6a5a0f40_0;
    %or;
    %store/vec4 v0x55eb6a5a10c0_0, 0, 16;
    %load/vec4 v0x55eb6a5a10c0_0;
    %pad/u 32;
    %load/vec4 v0x55eb6a5a10c0_0;
    %pad/u 32;
    %mul;
    %load/vec4 v0x55eb6a5a07d0_0;
    %cmp/u;
    %flag_or 5, 4;
    %jmp/0xz  T_1.4, 5;
    %load/vec4 v0x55eb6a5a10c0_0;
    %store/vec4 v0x55eb6a5a0f40_0, 0, 16;
T_1.4 ;
    %load/vec4 v0x55eb6a5a0fe0_0;
    %ix/load 4, 1, 0;
    %flag_set/imm 4, 0;
    %shiftr 4;
    %store/vec4 v0x55eb6a5a0fe0_0, 0, 16;
    %load/vec4 v0x55eb6a5a0a30_0;
    %addi 1, 0, 16;
    %store/vec4 v0x55eb6a5a0a30_0, 0, 16;
    %jmp T_1.2;
T_1.3 ;
    %load/vec4 v0x55eb6a5a0f40_0;
    %store/vec4 v0x55eb6a5a06f0_0, 0, 16;
    %end;
    .scope S_0x55eb6a59efd0;
T_2 ;
    %vpi_call 3 37 "$display", "Beatriz Neves Garrido; Ricardo Barbosa Sousa" {0 0 0};
    %end;
    .thread T_2;
    .scope S_0x55eb6a59efd0;
T_3 ;
    %wait E_0x55eb6a55d3e0;
    %load/vec4 v0x55eb6a59f890_0;
    %flag_set/vec4 8;
    %jmp/0xz  T_3.0, 8;
    %pushi/vec4 0, 0, 32;
    %assign/vec4 v0x55eb6a5a0390_0, 0;
    %jmp T_3.1;
T_3.0 ;
    %load/vec4 v0x55eb6a59fb10_0;
    %flag_set/vec4 8;
    %jmp/0xz  T_3.2, 8;
    %load/vec4 v0x55eb6a5a02b0_0;
    %assign/vec4 v0x55eb6a5a0390_0, 0;
T_3.2 ;
T_3.1 ;
    %jmp T_3;
    .thread T_3;
    .scope S_0x55eb6a59efd0;
T_4 ;
    %wait E_0x55eb6a57e770;
    %load/vec4 v0x55eb6a59fb10_0;
    %flag_set/vec4 8;
    %jmp/0xz  T_4.0, 8;
    %pushi/vec4 32768, 0, 16;
    %store/vec4 v0x55eb6a5a0010_0, 0, 16;
    %jmp T_4.1;
T_4.0 ;
    %load/vec4 v0x55eb6a5a00f0_0;
    %store/vec4 v0x55eb6a5a0010_0, 0, 16;
T_4.1 ;
    %jmp T_4;
    .thread T_4, $push;
    .scope S_0x55eb6a59efd0;
T_5 ;
    %wait E_0x55eb6a55d3e0;
    %load/vec4 v0x55eb6a59f890_0;
    %flag_set/vec4 8;
    %jmp/0xz  T_5.0, 8;
    %pushi/vec4 0, 0, 16;
    %assign/vec4 v0x55eb6a59ff30_0, 0;
    %jmp T_5.1;
T_5.0 ;
    %load/vec4 v0x55eb6a5a0010_0;
    %assign/vec4 v0x55eb6a59ff30_0, 0;
T_5.1 ;
    %jmp T_5;
    .thread T_5;
    .scope S_0x55eb6a59efd0;
T_6 ;
    %wait E_0x55eb6a57e7b0;
    %load/vec4 v0x55eb6a59f7d0_0;
    %flag_set/vec4 8;
    %jmp/0xz  T_6.0, 8;
    %load/vec4 v0x55eb6a5a01d0_0;
    %store/vec4 v0x55eb6a59fd70_0, 0, 16;
    %jmp T_6.1;
T_6.0 ;
    %load/vec4 v0x55eb6a59fc90_0;
    %store/vec4 v0x55eb6a59fd70_0, 0, 16;
T_6.1 ;
    %jmp T_6;
    .thread T_6, $push;
    .scope S_0x55eb6a59efd0;
T_7 ;
    %wait E_0x55eb6a57ed60;
    %load/vec4 v0x55eb6a59fb10_0;
    %flag_set/vec4 8;
    %jmp/0xz  T_7.0, 8;
    %pushi/vec4 0, 0, 16;
    %store/vec4 v0x55eb6a59fe50_0, 0, 16;
    %jmp T_7.1;
T_7.0 ;
    %load/vec4 v0x55eb6a59fd70_0;
    %store/vec4 v0x55eb6a59fe50_0, 0, 16;
T_7.1 ;
    %jmp T_7;
    .thread T_7, $push;
    .scope S_0x55eb6a59efd0;
T_8 ;
    %wait E_0x55eb6a55d3e0;
    %load/vec4 v0x55eb6a59f890_0;
    %flag_set/vec4 8;
    %jmp/0xz  T_8.0, 8;
    %pushi/vec4 0, 0, 16;
    %assign/vec4 v0x55eb6a59fc90_0, 0;
    %jmp T_8.1;
T_8.0 ;
    %load/vec4 v0x55eb6a59fe50_0;
    %assign/vec4 v0x55eb6a59fc90_0, 0;
T_8.1 ;
    %jmp T_8;
    .thread T_8;
    .scope S_0x55eb6a59efd0;
T_9 ;
    %wait E_0x55eb6a55d3e0;
    %load/vec4 v0x55eb6a59f890_0;
    %flag_set/vec4 8;
    %jmp/0xz  T_9.0, 8;
    %pushi/vec4 0, 0, 16;
    %assign/vec4 v0x55eb6a59f950_0, 0;
    %jmp T_9.1;
T_9.0 ;
    %load/vec4 v0x55eb6a59fbd0_0;
    %flag_set/vec4 8;
    %jmp/0xz  T_9.2, 8;
    %load/vec4 v0x55eb6a59fc90_0;
    %assign/vec4 v0x55eb6a59f950_0, 0;
T_9.2 ;
T_9.1 ;
    %jmp T_9;
    .thread T_9;
    .scope S_0x55eb6a57f640;
T_10 ;
    %pushi/vec4 0, 0, 1;
    %store/vec4 v0x55eb6a5a08b0_0, 0, 1;
    %pushi/vec4 0, 0, 1;
    %store/vec4 v0x55eb6a5a0b20_0, 0, 1;
    %pushi/vec4 0, 0, 32;
    %store/vec4 v0x55eb6a5a11a0_0, 0, 32;
    %pushi/vec4 0, 0, 1;
    %store/vec4 v0x55eb6a5a0da0_0, 0, 1;
    %pushi/vec4 0, 0, 1;
    %store/vec4 v0x55eb6a5a0e70_0, 0, 1;
    %end;
    .thread T_10;
    .scope S_0x55eb6a57f640;
T_11 ;
T_11.0 ;
    %delay 5, 0;
    %load/vec4 v0x55eb6a5a08b0_0;
    %inv;
    %store/vec4 v0x55eb6a5a08b0_0, 0, 1;
    %jmp T_11.0;
    %end;
    .thread T_11;
    .scope S_0x55eb6a57f640;
T_12 ;
    %delay 3, 0;
    %pushi/vec4 1, 0, 1;
    %store/vec4 v0x55eb6a5a0b20_0, 0, 1;
    %delay 20, 0;
    %pushi/vec4 0, 0, 1;
    %store/vec4 v0x55eb6a5a0b20_0, 0, 1;
    %end;
    .thread T_12;
    .scope S_0x55eb6a57f640;
T_13 ;
    %delay 100000000, 0;
    %vpi_call 2 93 "$stop" {0 0 0};
    %end;
    .thread T_13;
    .scope S_0x55eb6a57f640;
T_14 ;
    %delay 100, 0;
    %pushi/vec4 1, 0, 1;
    %store/vec4 v0x55eb6a5a0b20_0, 0, 1;
    %delay 20, 0;
    %pushi/vec4 0, 0, 1;
    %store/vec4 v0x55eb6a5a0b20_0, 0, 1;
    %delay 100, 0;
    %pushi/vec4 0, 0, 32;
    %store/vec4 v0x55eb6a57a740_0, 0, 32;
    %fork TD_psdsqrt_tb.execsqrt, S_0x55eb6a57f890;
    %join;
    %pushi/vec4 0, 0, 32;
    %store/vec4 v0x55eb6a5a0970_0, 0, 32;
T_14.0 ;
    %load/vec4 v0x55eb6a5a0970_0;
    %cmpi/u 32, 0, 32;
    %jmp/0xz T_14.1, 5;
    %pushi/vec4 1, 0, 32;
    %ix/getv 4, v0x55eb6a5a0970_0;
    %shiftl 4;
    %store/vec4 v0x55eb6a57a740_0, 0, 32;
    %fork TD_psdsqrt_tb.execsqrt, S_0x55eb6a57f890;
    %join;
    %load/vec4 v0x55eb6a5a0970_0;
    %addi 1, 0, 32;
    %store/vec4 v0x55eb6a5a0970_0, 0, 32;
    %jmp T_14.0;
T_14.1 ;
    %pushi/vec4 0, 0, 32;
    %store/vec4 v0x55eb6a5a0970_0, 0, 32;
T_14.2 ;
    %load/vec4 v0x55eb6a5a0970_0;
    %cmpi/u 32, 0, 32;
    %jmp/0xz T_14.3, 5;
    %pushi/vec4 1, 0, 32;
    %ix/getv 4, v0x55eb6a5a0970_0;
    %shiftl 4;
    %load/vec4 v0x55eb6a5a0970_0;
    %add;
    %store/vec4 v0x55eb6a57a740_0, 0, 32;
    %fork TD_psdsqrt_tb.execsqrt, S_0x55eb6a57f890;
    %join;
    %load/vec4 v0x55eb6a5a0970_0;
    %addi 1, 0, 32;
    %store/vec4 v0x55eb6a5a0970_0, 0, 32;
    %jmp T_14.2;
T_14.3 ;
    %delay 100, 0;
    %pushi/vec4 1, 0, 1;
    %store/vec4 v0x55eb6a5a0b20_0, 0, 1;
    %delay 20, 0;
    %pushi/vec4 0, 0, 1;
    %store/vec4 v0x55eb6a5a0b20_0, 0, 1;
    %delay 100, 0;
    %vpi_call 2 124 "$stop" {0 0 0};
    %end;
    .thread T_14;
# The file index is used to find the file name in the following table.
:file_names 4;
    "N/A";
    "<interactive>";
    "psdsqrt_tb_base.v";
    "./psdsqrt.v";
