#! /usr/bin/vvp
:ivl_version "10.1 (stable)";
:ivl_delay_selection "TYPICAL";
:vpi_time_precision + 0;
:vpi_module "system";
:vpi_module "vhdl_sys";
:vpi_module "v2005_math";
:vpi_module "va_math";
S_0x564d1cc21900 .scope module, "stimulus" "stimulus" 2 2;
 .timescale 0 0;
v0x564d1cc420d0_0 .net "binary", 3 0, L_0x564d1cbe47c0;  1 drivers
v0x564d1cc42190_0 .var "clk", 0 0;
v0x564d1cc42260_0 .var/i "i", 31 0;
v0x564d1cc42330_0 .var "reset", 0 0;
S_0x564d1cc21a80 .scope module, "s1" "binary_counter" 2 9, 3 1 0, S_0x564d1cc21900;
 .timescale 0 0;
    .port_info 0 /INPUT 1 "clk"
    .port_info 1 /INPUT 1 "reset"
    .port_info 2 /OUTPUT 4 "binary"
P_0x564d1cc21c00 .param/l "N" 0 3 2, +C4<00000000000000000000000000000100>;
L_0x564d1cbe47c0 .functor BUFZ 4, v0x564d1cc41e60_0, C4<0000>, C4<0000>, C4<0000>;
L_0x7f9de9fab018 .functor BUFT 1, C4<0001>, C4<0>, C4<0>, C4<0>;
v0x564d1cc21cf0_0 .net/2u *"_s2", 3 0, L_0x7f9de9fab018;  1 drivers
v0x564d1cc41bd0_0 .net "binary", 3 0, L_0x564d1cbe47c0;  alias, 1 drivers
v0x564d1cc41cb0_0 .net "clk", 0 0, v0x564d1cc42190_0;  1 drivers
v0x564d1cc41d80_0 .net "r_next", 3 0, L_0x564d1cc42480;  1 drivers
v0x564d1cc41e60_0 .var "r_reg", 3 0;
v0x564d1cc41f90_0 .net "reset", 0 0, v0x564d1cc42330_0;  1 drivers
E_0x564d1cbe49f0/0 .event negedge, v0x564d1cc41f90_0;
E_0x564d1cbe49f0/1 .event posedge, v0x564d1cc41cb0_0;
E_0x564d1cbe49f0 .event/or E_0x564d1cbe49f0/0, E_0x564d1cbe49f0/1;
L_0x564d1cc42480 .arith/sum 4, v0x564d1cc41e60_0, L_0x7f9de9fab018;
    .scope S_0x564d1cc21a80;
T_0 ;
    %wait E_0x564d1cbe49f0;
    %load/vec4 v0x564d1cc41f90_0;
    %inv;
    %flag_set/vec4 8;
    %jmp/0xz  T_0.0, 8;
    %pushi/vec4 0, 0, 4;
    %assign/vec4 v0x564d1cc41e60_0, 0;
    %jmp T_0.1;
T_0.0 ;
    %load/vec4 v0x564d1cc41d80_0;
    %assign/vec4 v0x564d1cc41e60_0, 0;
T_0.1 ;
    %jmp T_0;
    .thread T_0;
    .scope S_0x564d1cc21900;
T_1 ;
    %pushi/vec4 0, 0, 1;
    %store/vec4 v0x564d1cc42190_0, 0, 1;
    %pushi/vec4 0, 0, 32;
    %store/vec4 v0x564d1cc42260_0, 0, 32;
T_1.0 ;
    %load/vec4 v0x564d1cc42260_0;
    %cmpi/s 40, 0, 32;
    %flag_or 5, 4;
    %jmp/0xz T_1.1, 5;
    %delay 10, 0;
    %load/vec4 v0x564d1cc42190_0;
    %inv;
    %store/vec4 v0x564d1cc42190_0, 0, 1;
    %load/vec4 v0x564d1cc42260_0;
    %addi 1, 0, 32;
    %store/vec4 v0x564d1cc42260_0, 0, 32;
    %jmp T_1.0;
T_1.1 ;
    %end;
    .thread T_1;
    .scope S_0x564d1cc21900;
T_2 ;
    %pushi/vec4 1, 0, 1;
    %store/vec4 v0x564d1cc42330_0, 0, 1;
    %delay 2, 0;
    %pushi/vec4 0, 0, 1;
    %store/vec4 v0x564d1cc42330_0, 0, 1;
    %delay 2, 0;
    %pushi/vec4 1, 0, 1;
    %store/vec4 v0x564d1cc42330_0, 0, 1;
    %vpi_call 2 32 "$monitor", "clk=%d binary=%4b", v0x564d1cc42190_0, v0x564d1cc420d0_0 {0 0 0};
    %end;
    .thread T_2;
# The file index is used to find the file name in the following table.
:file_names 4;
    "N/A";
    "<interactive>";
    "counter_tb.v";
    "./binary_counter.v";
