#! /usr/bin/vvp
:ivl_version "10.1 (stable)";
:ivl_delay_selection "TYPICAL";
:vpi_time_precision + 0;
:vpi_module "system";
:vpi_module "vhdl_sys";
:vpi_module "v2005_math";
:vpi_module "va_math";
S_0x55b408079cb0 .scope module, "and_tb" "and_tb" 2 3;
 .timescale 0 0;
v0x55b40809a290_0 .var "a", 0 0;
v0x55b40809a360_0 .var "b", 0 0;
v0x55b40809a430_0 .net "y", 0 0, L_0x55b40809a530;  1 drivers
S_0x55b408079e30 .scope module, "and_test" "and_gate" 2 9, 3 2 0, S_0x55b408079cb0;
 .timescale 0 0;
    .port_info 0 /INPUT 1 "a"
    .port_info 1 /INPUT 1 "b"
    .port_info 2 /OUTPUT 1 "y"
L_0x55b40809a530 .functor AND 1, v0x55b40809a290_0, v0x55b40809a360_0, C4<1>, C4<1>;
v0x55b40807a050_0 .net "a", 0 0, v0x55b40809a290_0;  1 drivers
v0x55b40809a0b0_0 .net "b", 0 0, v0x55b40809a360_0;  1 drivers
v0x55b40809a170_0 .net "y", 0 0, L_0x55b40809a530;  alias, 1 drivers
    .scope S_0x55b408079cb0;
T_0 ;
    %vpi_call 2 11 "$monitor", "a=%b, b=%b, y=%b", v0x55b40809a290_0, v0x55b40809a360_0, v0x55b40809a430_0 {0 0 0};
    %pushi/vec4 0, 0, 1;
    %store/vec4 v0x55b40809a290_0, 0, 1;
    %pushi/vec4 0, 0, 1;
    %store/vec4 v0x55b40809a360_0, 0, 1;
    %delay 10, 0;
    %pushi/vec4 0, 0, 1;
    %store/vec4 v0x55b40809a290_0, 0, 1;
    %pushi/vec4 1, 0, 1;
    %store/vec4 v0x55b40809a360_0, 0, 1;
    %delay 10, 0;
    %pushi/vec4 1, 0, 1;
    %store/vec4 v0x55b40809a290_0, 0, 1;
    %pushi/vec4 0, 0, 1;
    %store/vec4 v0x55b40809a360_0, 0, 1;
    %delay 10, 0;
    %pushi/vec4 1, 0, 1;
    %store/vec4 v0x55b40809a290_0, 0, 1;
    %pushi/vec4 1, 0, 1;
    %store/vec4 v0x55b40809a360_0, 0, 1;
    %delay 10, 0;
    %vpi_call 2 17 "$finish" {0 0 0};
    %end;
    .thread T_0;
# The file index is used to find the file name in the following table.
:file_names 4;
    "N/A";
    "<interactive>";
    "and_tb.v";
    "./and_gate.v";
